# JRE version: OpenJDK Runtime Environment (8.0_152-b06) (build 1.8.0_152-release-1136-b06)
# Java VM: OpenJDK 64-Bit Server VM (25.152-b06 mixed mode windows-amd64 compressed oops)
Heap:
 PSYoungGen      total 428544K, used 323984K [0x00000000e0000000, 0x0000000100000000, 0x0000000100000000)
  eden space 388096K, 81% used [0x00000000e0000000,0x00000000f3426430,0x00000000f7b00000)
  from space 40448K, 20% used [0x00000000f7b00000,0x00000000f833df80,0x00000000fa280000)
  to   space 38912K, 0% used [0x00000000fda00000,0x00000000fda00000,0x0000000100000000)
 ParOldGen       total 115200K, used 83786K [0x00000000a0000000, 0x00000000a7080000, 0x00000000e0000000)
  object space 115200K, 72% used [0x00000000a0000000,0x00000000a51d2b50,0x00000000a7080000)
 Metaspace       used 83329K, capacity 86806K, committed 86912K, reserved 1124352K
  class space    used 10592K, capacity 11298K, committed 11392K, reserved 1048576K
GC Heap History (10 events):
Event: 207.127 GC heap before
{Heap before GC invocations=19 (full 4):
 PSYoungGen      total 225792K, used 32K [0x00000000e0000000, 0x00000000f6400000, 0x0000000100000000)
  eden space 190976K, 0% used [0x00000000e0000000,0x00000000e0000000,0x00000000eba80000)
  from space 34816K, 0% used [0x00000000eba80000,0x00000000eba88000,0x00000000edc80000)
  to   space 34816K, 0% used [0x00000000f4200000,0x00000000f4200000,0x00000000f6400000)
 ParOldGen       total 90112K, used 89941K [0x00000000a0000000, 0x00000000a5800000, 0x00000000e0000000)
  object space 90112K, 99% used [0x00000000a0000000,0x00000000a57d57f8,0x00000000a5800000)
 Metaspace       used 70701K, capacity 72870K, committed 73088K, reserved 1112064K
  class space    used 9049K, capacity 9560K, committed 9600K, reserved 1048576K
Event: 207.608 GC heap after
Heap after GC invocations=19 (full 4):
 PSYoungGen      total 225792K, used 0K [0x00000000e0000000, 0x00000000f6400000, 0x0000000100000000)
  eden space 190976K, 0% used [0x00000000e0000000,0x00000000e0000000,0x00000000eba80000)
  from space 34816K, 0% used [0x00000000eba80000,0x00000000eba80000,0x00000000edc80000)
  to   space 34816K, 0% used [0x00000000f4200000,0x00000000f4200000,0x00000000f6400000)
 ParOldGen       total 115200K, used 42563K [0x00000000a0000000, 0x00000000a7080000, 0x00000000e0000000)
  object space 115200K, 36% used [0x00000000a0000000,0x00000000a2990f70,0x00000000a7080000)
 Metaspace       used 68514K, capacity 70632K, committed 73088K, reserved 1112064K
  class space    used 8885K, capacity 9391K, committed 9600K, reserved 1048576K
}
Event: 236.964 GC heap before
{Heap before GC invocations=20 (full 4):
 PSYoungGen      total 225792K, used 190976K [0x00000000e0000000, 0x00000000f6400000, 0x0000000100000000)
  eden space 190976K, 100% used [0x00000000e0000000,0x00000000eba80000,0x00000000eba80000)
  from space 34816K, 0% used [0x00000000eba80000,0x00000000eba80000,0x00000000edc80000)
  to   space 34816K, 0% used [0x00000000f4200000,0x00000000f4200000,0x00000000f6400000)
 ParOldGen       total 115200K, used 42563K [0x00000000a0000000, 0x00000000a7080000, 0x00000000e0000000)
  object space 115200K, 36% used [0x00000000a0000000,0x00000000a2990f70,0x00000000a7080000)
 Metaspace       used 69508K, capacity 71714K, committed 73472K, reserved 1114112K
  class space    used 9028K, capacity 9560K, committed 9728K, reserved 1048576K
Event: 236.988 GC heap after
Heap after GC invocations=20 (full 4):
 PSYoungGen      total 326656K, used 4198K [0x00000000e0000000, 0x00000000f6180000, 0x0000000100000000)
  eden space 294400K, 0% used [0x00000000e0000000,0x00000000e0000000,0x00000000f1f80000)
  from space 32256K, 13% used [0x00000000f4200000,0x00000000f4619b88,0x00000000f6180000)
  to   space 33792K, 0% used [0x00000000f1f80000,0x00000000f1f80000,0x00000000f4080000)
 ParOldGen       total 115200K, used 42571K [0x00000000a0000000, 0x00000000a7080000, 0x00000000e0000000)
  object space 115200K, 36% used [0x00000000a0000000,0x00000000a2992f70,0x00000000a7080000)
 Metaspace       used 69508K, capacity 71714K, committed 73472K, reserved 1114112K
  class space    used 9028K, capacity 9560K, committed 9728K, reserved 1048576K
}
Event: 300.628 GC heap before
{Heap before GC invocations=21 (full 4):
 PSYoungGen      total 326656K, used 298598K [0x00000000e0000000, 0x00000000f6180000, 0x0000000100000000)
  eden space 294400K, 100% used [0x00000000e0000000,0x00000000f1f80000,0x00000000f1f80000)
  from space 32256K, 13% used [0x00000000f4200000,0x00000000f4619b88,0x00000000f6180000)
  to   space 33792K, 0% used [0x00000000f1f80000,0x00000000f1f80000,0x00000000f4080000)
 ParOldGen       total 115200K, used 42571K [0x00000000a0000000, 0x00000000a7080000, 0x00000000e0000000)
  object space 115200K, 36% used [0x00000000a0000000,0x00000000a2992f70,0x00000000a7080000)
 Metaspace       used 79411K, capacity 82518K, committed 82816K, reserved 1122304K
  class space    used 10163K, capacity 10800K, committed 10880K, reserved 1048576K
Event: 300.754 GC heap after
Heap after GC invocations=21 (full 4):
 PSYoungGen      total 328192K, used 10744K [0x00000000e0000000, 0x00000000fc100000, 0x0000000100000000)
  eden space 294400K, 0% used [0x00000000e0000000,0x00000000e0000000,0x00000000f1f80000)
  from space 33792K, 31% used [0x00000000f1f80000,0x00000000f29fe370,0x00000000f4080000)
  to   space 31232K, 0% used [0x00000000fa280000,0x00000000fa280000,0x00000000fc100000)
 ParOldGen       total 115200K, used 43434K [0x00000000a0000000, 0x00000000a7080000, 0x00000000e0000000)
  object space 115200K, 37% used [0x00000000a0000000,0x00000000a2a6a968,0x00000000a7080000)
 Metaspace       used 79411K, capacity 82518K, committed 82816K, reserved 1122304K
  class space    used 10163K, capacity 10800K, committed 10880K, reserved 1048576K
}
Event: 317.070 GC heap before
{Heap before GC invocations=22 (full 4):
 PSYoungGen      total 328192K, used 305144K [0x00000000e0000000, 0x00000000fc100000, 0x0000000100000000)
  eden space 294400K, 100% used [0x00000000e0000000,0x00000000f1f80000,0x00000000f1f80000)
  from space 33792K, 31% used [0x00000000f1f80000,0x00000000f29fe370,0x00000000f4080000)
  to   space 31232K, 0% used [0x00000000fa280000,0x00000000fa280000,0x00000000fc100000)
 ParOldGen       total 115200K, used 43434K [0x00000000a0000000, 0x00000000a7080000, 0x00000000e0000000)
  object space 115200K, 37% used [0x00000000a0000000,0x00000000a2a6a968,0x00000000a7080000)
 Metaspace       used 80791K, capacity 83902K, committed 83968K, reserved 1122304K
  class space    used 10297K, capacity 10952K, committed 11008K, reserved 1048576K
Event: 317.514 GC heap after
Heap after GC invocations=22 (full 4):
 PSYoungGen      total 419328K, used 31230K [0x00000000e0000000, 0x00000000fd080000, 0x0000000100000000)
  eden space 388096K, 0% used [0x00000000e0000000,0x00000000e0000000,0x00000000f7b00000)
  from space 31232K, 99% used [0x00000000fa280000,0x00000000fc0ff9a0,0x00000000fc100000)
  to   space 40448K, 0% used [0x00000000f7b00000,0x00000000f7b00000,0x00000000fa280000)
 ParOldGen       total 115200K, used 53175K [0x00000000a0000000, 0x00000000a7080000, 0x00000000e0000000)
  object space 115200K, 46% used [0x00000000a0000000,0x00000000a33edfb8,0x00000000a7080000)
 Metaspace       used 80791K, capacity 83902K, committed 83968K, reserved 1122304K
  class space    used 10297K, capacity 10952K, committed 11008K, reserved 1048576K
}
Event: 365.433 GC heap before
{Heap before GC invocations=23 (full 4):
 PSYoungGen      total 419328K, used 418797K [0x00000000e0000000, 0x00000000fd080000, 0x0000000100000000)
  eden space 388096K, 99% used [0x00000000e0000000,0x00000000f7a7bcd0,0x00000000f7b00000)
  from space 31232K, 99% used [0x00000000fa280000,0x00000000fc0ff9a0,0x00000000fc100000)
  to   space 40448K, 0% used [0x00000000f7b00000,0x00000000f7b00000,0x00000000fa280000)
 ParOldGen       total 115200K, used 53175K [0x00000000a0000000, 0x00000000a7080000, 0x00000000e0000000)
  object space 115200K, 46% used [0x00000000a0000000,0x00000000a33edfb8,0x00000000a7080000)
 Metaspace       used 81789K, capacity 84990K, committed 85120K, reserved 1124352K
  class space    used 10399K, capacity 11066K, committed 11136K, reserved 1048576K
Event: 365.592 GC heap after
Heap after GC invocations=23 (full 4):
 PSYoungGen      total 428544K, used 8439K [0x00000000e0000000, 0x0000000100000000, 0x0000000100000000)
  eden space 388096K, 0% used [0x00000000e0000000,0x00000000e0000000,0x00000000f7b00000)
  from space 40448K, 20% used [0x00000000f7b00000,0x00000000f833df80,0x00000000fa280000)
  to   space 38912K, 0% used [0x00000000fda00000,0x00000000fda00000,0x0000000100000000)
 ParOldGen       total 115200K, used 83786K [0x00000000a0000000, 0x00000000a7080000, 0x00000000e0000000)
  object space 115200K, 72% used [0x00000000a0000000,0x00000000a51d2b50,0x00000000a7080000)
 Metaspace       used 81789K, capacity 84990K, committed 85120K, reserved 1124352K
  class space    used 10399K, capacity 11066K, committed 11136K, reserved 1048576K
}

